<?xml version="1.0" encoding="UTF-8"?>
<!-- Generated by org.testng.reporters.JUnitReportReporter -->
<testsuite skipped="0" hostname="azstorageexp" name="com.furniture.testSet.Test_1" tests="1" failures="0" timestamp="23 Feb 2020 19:18:21 GMT" time="1.685" errors="0">
  <testcase name="testCase1_Selection" time="1.685" classname="com.furniture.testSet.Test_1"/>
</testsuite> <!-- com.furniture.testSet.Test_1 -->
