<?xml version="1.0" encoding="UTF-8"?>
<!-- Generated by org.testng.reporters.JUnitReportReporter -->
<testsuite skipped="0" hostname="azstorageexp" name="com.furniture.testSet.Test_2" tests="1" failures="0" timestamp="25 Feb 2020 10:00:44 GMT" time="1.124" errors="0">
  <testcase name="testCase1_Selection" time="1.124" classname="com.furniture.testSet.Test_2"/>
</testsuite> <!-- com.furniture.testSet.Test_2 -->
