<?xml version="1.0" encoding="UTF-8"?>
<!-- Generated by org.testng.reporters.JUnitReportReporter -->
<testsuite skipped="0" hostname="A2ML23726" name="com.furniture.testSet.Test_1" tests="1" failures="0" timestamp="17 Feb 2020 15:46:02 GMT" time="2.464" errors="0">
  <testcase name="testCase1_Selection" time="2.464" classname="com.furniture.testSet.Test_1"/>
</testsuite> <!-- com.furniture.testSet.Test_1 -->
